c:\users\pc\source\repos\pattern-search-w-openmp\patternsearchopenmp\x64\debug\vc142.pdb
c:\users\pc\source\repos\pattern-search-w-openmp\patternsearchopenmp\x64\debug\vc142.覺db
c:\users\pc\source\repos\pattern-search-w-openmp\patternsearchopenmp\x64\debug\ma覺n.obj
c:\users\pc\source\repos\pattern-search-w-openmp\patternsearchopenmp\x64\debug\覺mage.obj
c:\users\pc\source\repos\pattern-search-w-openmp\patternsearchopenmp\x64\debug\patternsearchtest.obj
c:\users\pc\source\repos\pattern-search-w-openmp\x64\debug\patternsearchopenmp.exe
c:\users\pc\source\repos\pattern-search-w-openmp\patternsearchopenmp\x64\debug\patternsearchopenmp.覺lk
c:\users\pc\source\repos\pattern-search-w-openmp\x64\debug\patternsearchopenmp.pdb
c:\users\pc\source\repos\pattern-search-w-openmp\patternsearchopenmp\x64\debug\main.obj
c:\users\pc\source\repos\pattern-search-w-openmp\patternsearchopenmp\x64\debug\patternsearchopenmp.obj
c:\users\pc\source\repos\pattern-search-w-openmp\patternsearchopenmp\x64\debug\vc142.idb
c:\users\pc\source\repos\pattern-search-w-openmp\patternsearchopenmp\x64\debug\patterns.09e9fc7d.tlog\cl.command.1.tlog
c:\users\pc\source\repos\pattern-search-w-openmp\patternsearchopenmp\x64\debug\patterns.09e9fc7d.tlog\cl.read.1.tlog
c:\users\pc\source\repos\pattern-search-w-openmp\patternsearchopenmp\x64\debug\patterns.09e9fc7d.tlog\cl.write.1.tlog
c:\users\pc\source\repos\pattern-search-w-openmp\patternsearchopenmp\x64\debug\patterns.09e9fc7d.tlog\link-cvtres.read.1.tlog
c:\users\pc\source\repos\pattern-search-w-openmp\patternsearchopenmp\x64\debug\patterns.09e9fc7d.tlog\link-cvtres.write.1.tlog
c:\users\pc\source\repos\pattern-search-w-openmp\patternsearchopenmp\x64\debug\patterns.09e9fc7d.tlog\link-rc.read.1.tlog
c:\users\pc\source\repos\pattern-search-w-openmp\patternsearchopenmp\x64\debug\patterns.09e9fc7d.tlog\link-rc.write.1.tlog
c:\users\pc\source\repos\pattern-search-w-openmp\patternsearchopenmp\x64\debug\patterns.09e9fc7d.tlog\link.45296-cvtres.read.1.tlog
c:\users\pc\source\repos\pattern-search-w-openmp\patternsearchopenmp\x64\debug\patterns.09e9fc7d.tlog\link.45296-cvtres.write.1.tlog
c:\users\pc\source\repos\pattern-search-w-openmp\patternsearchopenmp\x64\debug\patterns.09e9fc7d.tlog\link.45296-rc.read.1.tlog
c:\users\pc\source\repos\pattern-search-w-openmp\patternsearchopenmp\x64\debug\patterns.09e9fc7d.tlog\link.45296-rc.write.1.tlog
c:\users\pc\source\repos\pattern-search-w-openmp\patternsearchopenmp\x64\debug\patterns.09e9fc7d.tlog\link.45296.read.1.tlog
c:\users\pc\source\repos\pattern-search-w-openmp\patternsearchopenmp\x64\debug\patterns.09e9fc7d.tlog\link.45296.write.1.tlog
c:\users\pc\source\repos\pattern-search-w-openmp\patternsearchopenmp\x64\debug\patterns.09e9fc7d.tlog\link.command.1.tlog
c:\users\pc\source\repos\pattern-search-w-openmp\patternsearchopenmp\x64\debug\patterns.09e9fc7d.tlog\link.read.1.tlog
c:\users\pc\source\repos\pattern-search-w-openmp\patternsearchopenmp\x64\debug\patterns.09e9fc7d.tlog\link.write.1.tlog
